{
  "RSpec": {
    "coverage": {
      "/media/win/hw3_rottenpotatoes/app/controllers/application_controller.rb": [
        1,
        1,
        null
      ],
      "/media/win/hw3_rottenpotatoes/app/helpers/application_helper.rb": [
        1,
        null
      ],
      "/media/win/hw3_rottenpotatoes/app/helpers/movies_helper.rb": [
        1,
        null,
        1,
        0,
        null,
        null
      ],
      "/media/win/hw3_rottenpotatoes/app/controllers/movies_controller.rb": [
        1,
        null,
        1,
        3,
        0,
        0,
        null,
        3,
        null,
        null,
        1,
        0,
        0,
        0,
        0,
        null,
        0,
        null,
        null,
        null,
        null,
        1,
        0,
        0,
        null,
        0,
        null,
        0,
        null,
        0,
        0,
        null,
        0,
        0,
        null,
        null,
        0,
        0,
        0,
        0,
        null,
        0,
        0,
        0,
        0,
        0,
        null,
        null,
        null,
        1,
        null,
        null,
        null,
        1,
        0,
        0,
        0,
        null,
        null,
        1,
        0,
        null,
        null,
        1,
        0,
        0,
        0,
        0,
        null,
        null,
        1,
        0,
        0,
        0,
        0,
        null,
        null,
        null
      ],
      "/media/win/hw3_rottenpotatoes/app/models/movie.rb": [
        1,
        1,
        0,
        null,
        1,
        1,
        null,
        null
      ]
    },
    "timestamp": 1352235935
  },
  "Cucumber Features": {
    "coverage": {
      "/media/win/hw3_rottenpotatoes/app/controllers/application_controller.rb": [
        1,
        1,
        null
      ],
      "/media/win/hw3_rottenpotatoes/app/helpers/application_helper.rb": [
        1,
        null
      ],
      "/media/win/hw3_rottenpotatoes/app/helpers/movies_helper.rb": [
        1,
        null,
        1,
        0,
        null,
        null
      ],
      "/media/win/hw3_rottenpotatoes/app/controllers/movies_controller.rb": [
        1,
        null,
        1,
        2,
        1,
        1,
        null,
        2,
        null,
        null,
        1,
        3,
        3,
        3,
        1,
        null,
        2,
        null,
        null,
        null,
        null,
        1,
        14,
        14,
        null,
        2,
        null,
        2,
        null,
        14,
        14,
        null,
        14,
        48,
        null,
        null,
        14,
        3,
        3,
        3,
        null,
        11,
        11,
        1,
        1,
        1,
        null,
        null,
        null,
        1,
        null,
        null,
        null,
        1,
        1,
        1,
        1,
        null,
        null,
        1,
        1,
        null,
        null,
        1,
        1,
        1,
        1,
        1,
        null,
        null,
        1,
        0,
        0,
        0,
        0,
        null,
        null,
        null
      ],
      "/media/win/hw3_rottenpotatoes/app/models/movie.rb": [
        1,
        1,
        14,
        null,
        1,
        2,
        null,
        null
      ]
    },
    "timestamp": 1352235816
  }
}
